component tools_buildsystem

ipr T

source \sf\os\buildtools\toolsandutils\buildsystem

binary \epoc32\tools\makefile_templates\app-services\buildstubsis.meta
binary \epoc32\tools\makefile_templates\app-services\buildstubsis.mk
binary \epoc32\tools\makefile_templates\app-services\buildupgradesis.meta
binary \epoc32\tools\makefile_templates\app-services\buildupgradesis.mk
binary \epoc32\tools\makefile_templates\application-protocols\buildstubsis.meta
binary \epoc32\tools\makefile_templates\application-protocols\buildstubsis.mk
binary \epoc32\tools\makefile_templates\base\h2_genbootinc.meta
binary \epoc32\tools\makefile_templates\base\h2_genbootinc.mk
binary \epoc32\tools\makefile_templates\base\h2_restricted_coreldr.meta
binary \epoc32\tools\makefile_templates\base\h2_restricted_coreldr.mk
binary \epoc32\tools\makefile_templates\base\h4_genbootinc.meta
binary \epoc32\tools\makefile_templates\base\h4_genbootinc.mk
binary \epoc32\tools\makefile_templates\base\h4_restricted_coreldr.meta
binary \epoc32\tools\makefile_templates\base\h4_restricted_coreldr.mk
binary \epoc32\tools\makefile_templates\base\h4_restricted_on_coreldr.meta
binary \epoc32\tools\makefile_templates\base\h4_restricted_on_coreldr.mk
binary \epoc32\tools\makefile_templates\base\h4_restricted_on_miniboot.meta
binary \epoc32\tools\makefile_templates\base\h4_restricted_on_miniboot.mk
binary \epoc32\tools\makefile_templates\base\ne1_tb_restricted_coreldr.meta
binary \epoc32\tools\makefile_templates\base\ne1_tb_restricted_coreldr.mk
binary \epoc32\tools\makefile_templates\base\ne1_tb_genbootinc.meta
binary \epoc32\tools\makefile_templates\base\ne1_tb_genbootinc.mk
binary \epoc32\tools\makefile_templates\base\lab_restricted_miniboot.meta
binary \epoc32\tools\makefile_templates\base\lab_restricted_miniboot.mk
binary \epoc32\tools\makefile_templates\base\nand_fbr_offset.meta
binary \epoc32\tools\makefile_templates\base\nand_fbr_offset.mk
binary \epoc32\tools\makefile_templates\base\omap3_genbootinc.meta
binary \epoc32\tools\makefile_templates\base\omap3_genbootinc.mk
binary \epoc32\tools\makefile_templates\base\omap3_restricted_coreldr.meta
binary \epoc32\tools\makefile_templates\base\omap3_restricted_coreldr.mk
binary \epoc32\tools\makefile_templates\base\omap3_restricted_coreldr.flm
binary \epoc32\tools\makefile_templates\base\omap3_restricted_coreldr.xml
binary \epoc32\tools\makefile_templates\base\lab_restricted_miniboot.flm
binary \epoc32\tools\makefile_templates\base\lab_restricted_miniboot.xml
binary \epoc32\tools\makefile_templates\base\ne1_tb_restricted_coreldr.flm
binary \epoc32\tools\makefile_templates\base\ne1_tb_restricted_coreldr.xml
binary \epoc32\tools\makefile_templates\security\upsserver.meta
binary \epoc32\tools\makefile_templates\security\upsserver.mk
binary \epoc32\tools\makefile_templates\syslibs\conversiontable.meta
binary \epoc32\tools\makefile_templates\syslibs\conversiontable.mk
binary \epoc32\tools\makefile_templates\syslibs\fm_copyfile_to_winscw_zdrive.meta
binary \epoc32\tools\makefile_templates\syslibs\fm_copyfile_to_winscw_zdrive.mk
binary \epoc32\tools\makefile_templates\syslibs\generate_cpp.meta
binary \epoc32\tools\makefile_templates\syslibs\generate_cpp.mk
binary \epoc32\tools\makefile_templates\syslibs\generate_snm.meta
binary \epoc32\tools\makefile_templates\syslibs\generate_snm.mk
binary \epoc32\tools\makefile_templates\tools\features.meta
binary \epoc32\tools\makefile_templates\tools\features.mk
binary \epoc32\tools\makefile_templates\tools\compsupp.meta
binary \epoc32\tools\makefile_templates\tools\compsupp.mk
binary \epoc32\tools\makefile_templates\tools\x86tool.meta
binary \epoc32\tools\makefile_templates\tools\x86tool.mk
binary \epoc32\tools\shell\cmd.mk
binary \epoc32\tools\shell\generic.mk
binary \epoc32\tools\shell\sh.mk
binary \epoc32\tools\makefile_templates\app-services\tzlocaltestserver.meta
binary \epoc32\tools\makefile_templates\app-services\tzlocaltestserver.mk
binary \epoc32\tools\makefile_templates\syslibs\test\charconv_testpostbuild.meta
binary \epoc32\tools\makefile_templates\syslibs\test\charconv_testpostbuild.mk
binary \epoc32\tools\makefile_templates\syslibs\test\charconv_tiso8859x_generate_cpp.meta
binary \epoc32\tools\makefile_templates\syslibs\test\charconv_tiso8859x_generate_cpp.mk
binary \epoc32\tools\makefile_templates\syslibs\test\charconv_tsnmdata.meta
binary \epoc32\tools\makefile_templates\syslibs\test\charconv_tsnmdata.mk
binary \epoc32\tools\makefile_templates\syslibs\test\sqlite3_securecopytestfiles.meta
binary \epoc32\tools\makefile_templates\syslibs\test\sqlite3_securecopytestfiles.mk
binary \epoc32\tools\makefile_templates\syslibs\word_template.meta
binary \epoc32\tools\makefile_templates\syslibs\word_template.mk


notes_source \component_defs\release.src
