component	tools_redistribution_winc

# IainW: Workaround - the following are all exported from winc.zip, but we can't yet have more than one exported file from the same place
#        They are all IPR category E

source  \sf\os\buildtools\dist_os\redistributionwinceka2\tools_redistribution_winc.mrp

binary	\epoc32\release\winc\udeb\accesspointmonitor.exe
binary	\epoc32\release\winc\udeb\agnmodel.dll
binary	\epoc32\release\winc\udeb\agnversit.dll
binary	\epoc32\release\winc\udeb\aiftool.exe
binary	\epoc32\release\winc\udeb\alarmclient.dll
binary	\epoc32\release\winc\udeb\alarmserver.dll
binary	\epoc32\release\winc\udeb\alarmshared.dll
binary	\epoc32\release\winc\udeb\apgrfx.dll
binary	\epoc32\release\winc\udeb\apmime.dll
binary	\epoc32\release\winc\udeb\apparc.dll
binary	\epoc32\release\winc\udeb\bafl.dll
binary	\epoc32\release\winc\udeb\bifu.dll
binary	\epoc32\release\winc\udeb\big5.cpl
binary	\epoc32\release\winc\udeb\big5_shared.dll
binary	\epoc32\release\winc\udeb\bitgdi.dll
binary	\epoc32\release\winc\udeb\bmtran.dll
binary	\epoc32\release\winc\udeb\charconv.dll
binary	\epoc32\release\winc\udeb\cnftool.exe
binary	\epoc32\release\winc\udeb\conarc.dll
binary	\epoc32\release\winc\udeb\connmngmntbox.exe
binary	\epoc32\release\winc\udeb\connmngmntbox.tlb
binary	\epoc32\release\winc\udeb\connmngmnthelpbox.dll
binary	\epoc32\release\winc\udeb\connmngmnthelpbox.lib
binary	\epoc32\release\winc\udeb\connmngmnthelpbox.tlb
binary	\epoc32\release\winc\udeb\connmngmntres.dll
binary	\epoc32\release\winc\udeb\contprosap.dll
binary	\epoc32\release\winc\udeb\contprosap.lib
binary	\epoc32\release\winc\udeb\contprosap.tlb
binary	\epoc32\release\winc\udeb\contprosapres.dll
binary	\epoc32\release\winc\udeb\contprosapres.lib
binary	\epoc32\release\winc\udeb\contprotest.exe
binary	\epoc32\release\winc\udeb\convnames.dll
binary	\epoc32\release\winc\udeb\convutils.dll
binary	\epoc32\release\winc\udeb\csbmsto.dll
binary	\epoc32\release\winc\udeb\csdbcust.dll
binary	\epoc32\release\winc\udeb\csdbi.dll
binary	\epoc32\release\winc\udeb\csdbw.dll
binary	\epoc32\release\winc\udeb\cshlpwtr.exe
binary	\epoc32\release\winc\udeb\cssup.dll
binary	\epoc32\release\winc\udeb\dbwriter.dll
binary	\epoc32\release\winc\udeb\dlog.dll
binary	\epoc32\release\winc\udeb\dlogfl.dll
binary	\epoc32\release\winc\udeb\dlogsr.dll
binary	\epoc32\release\winc\udeb\dlogwn.dll
binary	\epoc32\release\winc\udeb\ealm.dll
binary	\epoc32\release\winc\udeb\ealwl.dll
binary	\epoc32\release\winc\udeb\ecdrv.pdd
binary	\epoc32\release\winc\udeb\ecomm.ldd
binary	\epoc32\release\winc\udeb\econs.dll
binary	\epoc32\release\winc\udeb\edbms.dll
binary	\epoc32\release\winc\udeb\edev.lib
binary	\epoc32\release\winc\udeb\edll.lib
binary	\epoc32\release\winc\udeb\eexe.lib
binary	\epoc32\release\winc\udeb\efile.dll
binary	\epoc32\release\winc\udeb\efsrv.dll
binary	\epoc32\release\winc\udeb\ehwa.ldd
binary	\epoc32\release\winc\udeb\ehwac.pdd
binary	\epoc32\release\winc\udeb\ekdata.dll
binary	\epoc32\release\winc\udeb\ekern.dll
binary	\epoc32\release\winc\udeb\ektran.dll
binary	\epoc32\release\winc\udeb\elocal.fsy
binary	\epoc32\release\winc\udeb\elocl.01
binary	\epoc32\release\winc\udeb\elocl.02
binary	\epoc32\release\winc\udeb\elocl.03
binary	\epoc32\release\winc\udeb\elocl.04
binary	\epoc32\release\winc\udeb\elocl.05
binary	\epoc32\release\winc\udeb\elocl.10
binary	\epoc32\release\winc\udeb\elocl.18
binary	\epoc32\release\winc\udeb\elocl.19
binary	\epoc32\release\winc\udeb\elocl.29
binary	\epoc32\release\winc\udeb\elocl.31
binary	\epoc32\release\winc\udeb\elocl.32
binary	\epoc32\release\winc\udeb\elocl.dll
binary	\epoc32\release\winc\udeb\elocl.loc
binary	\epoc32\release\winc\udeb\elocl.sc
binary	\epoc32\release\winc\udeb\esock.dll
binary	\epoc32\release\winc\udeb\estor.dll
binary	\epoc32\release\winc\udeb\etext.dll
binary	\epoc32\release\winc\udeb\eucjp_packed.cpl
binary	\epoc32\release\winc\udeb\euniw.dll
binary	\epoc32\release\winc\udeb\euser.dll
binary	\epoc32\release\winc\udeb\exdll.lib
binary	\epoc32\release\winc\udeb\fbscli.dll
binary	\epoc32\release\winc\udeb\fbserv.dll
binary	\epoc32\release\winc\udeb\field.dll
binary	\epoc32\release\winc\udeb\fntstr.dll
binary	\epoc32\release\winc\udeb\form.dll
binary	\epoc32\release\winc\udeb\form_and_etext_editor.dll
binary	\epoc32\release\winc\udeb\gb12345.cpl
binary	\epoc32\release\winc\udeb\gb2312.cpl
binary	\epoc32\release\winc\udeb\gb2312_shared.dll
binary	\epoc32\release\winc\udeb\gbk.cpl
binary	\epoc32\release\winc\udeb\gbk_shared.dll
binary	\epoc32\release\winc\udeb\gdi.dll
binary	\epoc32\release\winc\udeb\general.pdl
binary	\epoc32\release\winc\udeb\hal.dll
binary	\epoc32\release\winc\udeb\hz.cpl
binary	\epoc32\release\winc\udeb\iso2022jp.cpl
binary	\epoc32\release\winc\udeb\iso2022jp1.cpl
binary	\epoc32\release\winc\udeb\iso885910.cpl
binary	\epoc32\release\winc\udeb\iso885913.cpl
binary	\epoc32\release\winc\udeb\iso885914.cpl
binary	\epoc32\release\winc\udeb\iso885915.cpl
binary	\epoc32\release\winc\udeb\iso88592.cpl
binary	\epoc32\release\winc\udeb\iso88593.cpl
binary	\epoc32\release\winc\udeb\iso88594.cpl
binary	\epoc32\release\winc\udeb\iso88595.cpl
binary	\epoc32\release\winc\udeb\iso88596.cpl
binary	\epoc32\release\winc\udeb\iso88597.cpl
binary	\epoc32\release\winc\udeb\iso88598.cpl
binary	\epoc32\release\winc\udeb\iso88599.cpl
binary	\epoc32\release\winc\udeb\iwzlib.dll
binary	\epoc32\release\winc\udeb\iwzlib.lib
binary	\epoc32\release\winc\udeb\jis.cpl
binary	\epoc32\release\winc\udeb\jisbase_shared.dll
binary	\epoc32\release\winc\udeb\jisx0201.dll
binary	\epoc32\release\winc\udeb\jisx0208.dll
binary	\epoc32\release\winc\udeb\jisx0212.dll
binary	\epoc32\release\winc\udeb\linebreak.dll
binary	\epoc32\release\winc\udeb\listcomportsbox.dll
binary	\epoc32\release\winc\udeb\listcomportsbox.lib
binary	\epoc32\release\winc\udeb\listcomportsbox.tlb
binary	\epoc32\release\winc\udeb\mednand.pdd
binary	\epoc32\release\winc\udeb\mrouterdeveloper.exe
binary	\epoc32\release\winc\udeb\mroutersocket.dll
binary	\epoc32\release\winc\udeb\mroutersocket.lib
binary	\epoc32\release\winc\udeb\mroutersocket.tlb
binary	\epoc32\release\winc\udeb\palette.dll
binary	\epoc32\release\winc\udeb\pccustomservertest2.exe
binary	\epoc32\release\winc\udeb\pdrstr.dll
binary	\epoc32\release\winc\udeb\plp.prt
binary	\epoc32\release\winc\udeb\plpcli.dll
binary	\epoc32\release\winc\udeb\plpconfig.dll
binary	\epoc32\release\winc\udeb\plpexe.dll
binary	\epoc32\release\winc\udeb\plplog.dll
binary	\epoc32\release\winc\udeb\plpremlink.dll
binary	\epoc32\release\winc\udeb\plprfs.rsy
binary	\epoc32\release\winc\udeb\plpsvr.dll
binary	\epoc32\release\winc\udeb\plpvariant.dll
binary	\epoc32\release\winc\udeb\powermgrcli.dll
binary	\epoc32\release\winc\udeb\print.dll
binary	\epoc32\release\winc\udeb\rpcs.rsy
binary	\epoc32\release\winc\udeb\rtsock.dll
binary	\epoc32\release\winc\udeb\rtsock.lib
binary	\epoc32\release\winc\udeb\rtsock.tlb
binary	\epoc32\release\winc\udeb\scdv.dll
binary	\epoc32\release\winc\udeb\scrfs.exe
binary	\epoc32\release\winc\udeb\scrfs.tlb
binary	\epoc32\release\winc\udeb\scrfsproxy.dll
binary	\epoc32\release\winc\udeb\scrfsproxy.lib
binary	\epoc32\release\winc\udeb\shiftjis.cpl
binary	\epoc32\release\winc\udeb\shiftjis_shared.dll
binary	\epoc32\release\winc\udeb\socktest.exe
binary	\epoc32\release\winc\udeb\tagma.dll
binary	\epoc32\release\winc\udeb\testaccesspointlists.exe
binary	\epoc32\release\winc\udeb\undo.dll
binary	\epoc32\release\winc\udeb\vcal.dll
binary	\epoc32\release\winc\udeb\vcard.dll
binary	\epoc32\release\winc\udeb\versit.dll
binary	\epoc32\release\winc\udeb\wldcomp.exe
binary	\epoc32\release\winc\udeb\worldclient.dll
binary	\epoc32\release\winc\udeb\worldserver.dll
binary	\epoc32\release\winc\udeb\wpeng.dll
binary	\epoc32\release\winc\udeb\ws32.dll
binary	\epoc32\release\winc\udeb\xmllx.dll
binary	\epoc32\release\winc\udeb\z\system\charconv\big5.rsc
binary	\epoc32\release\winc\udeb\z\system\charconv\builtin.rsc
binary	\epoc32\release\winc\udeb\z\system\charconv\eucjp_packed.rsc
binary	\epoc32\release\winc\udeb\z\system\charconv\gb12345.rsc
binary	\epoc32\release\winc\udeb\z\system\charconv\gb2312.rsc
binary	\epoc32\release\winc\udeb\z\system\charconv\gbk.rsc
binary	\epoc32\release\winc\udeb\z\system\charconv\hz.rsc
binary	\epoc32\release\winc\udeb\z\system\charconv\iso2022jp.rsc
binary	\epoc32\release\winc\udeb\z\system\charconv\iso2022jp1.rsc
binary	\epoc32\release\winc\udeb\z\system\charconv\iso885910.rsc
binary	\epoc32\release\winc\udeb\z\system\charconv\iso885913.rsc
binary	\epoc32\release\winc\udeb\z\system\charconv\iso885914.rsc
binary	\epoc32\release\winc\udeb\z\system\charconv\iso885915.rsc
binary	\epoc32\release\winc\udeb\z\system\charconv\iso88592.rsc
binary	\epoc32\release\winc\udeb\z\system\charconv\iso88593.rsc
binary	\epoc32\release\winc\udeb\z\system\charconv\iso88594.rsc
binary	\epoc32\release\winc\udeb\z\system\charconv\iso88595.rsc
binary	\epoc32\release\winc\udeb\z\system\charconv\iso88596.rsc
binary	\epoc32\release\winc\udeb\z\system\charconv\iso88597.rsc
binary	\epoc32\release\winc\udeb\z\system\charconv\iso88598.rsc
binary	\epoc32\release\winc\udeb\z\system\charconv\iso88599.rsc
binary	\epoc32\release\winc\udeb\z\system\charconv\jis.rsc
binary	\epoc32\release\winc\udeb\z\system\charconv\shiftjis.rsc
binary	\epoc32\release\winc\udeb\z\system\printers\general.pdr
binary	\epoc32\release\winc\udeb\z\system\printers\general.r01
binary	\epoc32\release\winc\udeb\z\system\printers\general.r10
binary	\epoc32\release\winc\urel\agnmodel.dll
binary	\epoc32\release\winc\urel\agnversit.dll
binary	\epoc32\release\winc\urel\aiftool.exe
binary	\epoc32\release\winc\urel\alarmclient.dll
binary	\epoc32\release\winc\urel\alarmserver.dll
binary	\epoc32\release\winc\urel\alarmshared.dll
binary	\epoc32\release\winc\urel\apgrfx.dll
binary	\epoc32\release\winc\urel\apmime.dll
binary	\epoc32\release\winc\urel\apparc.dll
binary	\epoc32\release\winc\urel\bafl.dll
binary	\epoc32\release\winc\urel\bifu.dll
binary	\epoc32\release\winc\urel\big5.cpl
binary	\epoc32\release\winc\urel\big5_shared.dll
binary	\epoc32\release\winc\urel\bitgdi.dll
binary	\epoc32\release\winc\urel\bmtran.dll
binary	\epoc32\release\winc\urel\charconv.dll
binary	\epoc32\release\winc\urel\cnftool.exe
binary	\epoc32\release\winc\urel\conarc.dll
binary	\epoc32\release\winc\urel\connmngmntbox.exe
binary	\epoc32\release\winc\urel\connmngmntbox.tlb
binary	\epoc32\release\winc\urel\connmngmnthelpbox.dll
binary	\epoc32\release\winc\urel\connmngmnthelpbox.lib
binary	\epoc32\release\winc\urel\connmngmnthelpbox.tlb
binary	\epoc32\release\winc\urel\connmngmntres.dll
binary	\epoc32\release\winc\urel\contprosap.dll
binary	\epoc32\release\winc\urel\contprosap.lib
binary	\epoc32\release\winc\urel\contprosap.tlb
binary	\epoc32\release\winc\urel\contprosapres.dll
binary	\epoc32\release\winc\urel\contprosapres.lib
binary	\epoc32\release\winc\urel\convnames.dll
binary	\epoc32\release\winc\urel\convutils.dll
binary	\epoc32\release\winc\urel\csbmsto.dll
binary	\epoc32\release\winc\urel\csdbcust.dll
binary	\epoc32\release\winc\urel\csdbi.dll
binary	\epoc32\release\winc\urel\csdbw.dll
binary	\epoc32\release\winc\urel\cshlpwtr.exe
binary	\epoc32\release\winc\urel\cssup.dll
binary	\epoc32\release\winc\urel\dbwriter.dll
binary	\epoc32\release\winc\urel\dlog.dll
binary	\epoc32\release\winc\urel\dlogfl.dll
binary	\epoc32\release\winc\urel\dlogsr.dll
binary	\epoc32\release\winc\urel\dlogwn.dll
binary	\epoc32\release\winc\urel\ealm.dll
binary	\epoc32\release\winc\urel\ealwl.dll
binary	\epoc32\release\winc\urel\ecdrv.pdd
binary	\epoc32\release\winc\urel\ecomm.ldd
binary	\epoc32\release\winc\urel\econs.dll
binary	\epoc32\release\winc\urel\edbms.dll
binary	\epoc32\release\winc\urel\edev.lib
binary	\epoc32\release\winc\urel\edll.lib
binary	\epoc32\release\winc\urel\eexe.lib
binary	\epoc32\release\winc\urel\efile.dll
binary	\epoc32\release\winc\urel\efsrv.dll
binary	\epoc32\release\winc\urel\ehwa.ldd
binary	\epoc32\release\winc\urel\ehwac.pdd
binary	\epoc32\release\winc\urel\ekdata.dll
binary	\epoc32\release\winc\urel\ekern.dll
binary	\epoc32\release\winc\urel\ektran.dll
binary	\epoc32\release\winc\urel\elocal.fsy
binary	\epoc32\release\winc\urel\elocl.01
binary	\epoc32\release\winc\urel\elocl.02
binary	\epoc32\release\winc\urel\elocl.03
binary	\epoc32\release\winc\urel\elocl.04
binary	\epoc32\release\winc\urel\elocl.05
binary	\epoc32\release\winc\urel\elocl.10
binary	\epoc32\release\winc\urel\elocl.18
binary	\epoc32\release\winc\urel\elocl.19
binary	\epoc32\release\winc\urel\elocl.29
binary	\epoc32\release\winc\urel\elocl.31
binary	\epoc32\release\winc\urel\elocl.32
binary	\epoc32\release\winc\urel\elocl.dll
binary	\epoc32\release\winc\urel\elocl.loc
binary	\epoc32\release\winc\urel\elocl.sc
binary	\epoc32\release\winc\urel\esock.dll
binary	\epoc32\release\winc\urel\estor.dll
binary	\epoc32\release\winc\urel\etext.dll
binary	\epoc32\release\winc\urel\eucjp_packed.cpl
binary	\epoc32\release\winc\urel\euniw.dll
binary	\epoc32\release\winc\urel\euser.dll
binary	\epoc32\release\winc\urel\exdll.lib
binary	\epoc32\release\winc\urel\fbscli.dll
binary	\epoc32\release\winc\urel\fbserv.dll
binary	\epoc32\release\winc\urel\field.dll
binary	\epoc32\release\winc\urel\fntstr.dll
binary	\epoc32\release\winc\urel\form.dll
binary	\epoc32\release\winc\urel\form_and_etext_editor.dll
binary	\epoc32\release\winc\urel\gb12345.cpl
binary	\epoc32\release\winc\urel\gb2312.cpl
binary	\epoc32\release\winc\urel\gb2312_shared.dll
binary	\epoc32\release\winc\urel\gbk.cpl
binary	\epoc32\release\winc\urel\gbk_shared.dll
binary	\epoc32\release\winc\urel\gdi.dll
binary	\epoc32\release\winc\urel\general.pdl
binary	\epoc32\release\winc\urel\hal.dll
binary	\epoc32\release\winc\urel\hz.cpl
binary	\epoc32\release\winc\urel\iso2022jp.cpl
binary	\epoc32\release\winc\urel\iso2022jp1.cpl
binary	\epoc32\release\winc\urel\iso885910.cpl
binary	\epoc32\release\winc\urel\iso885913.cpl
binary	\epoc32\release\winc\urel\iso885914.cpl
binary	\epoc32\release\winc\urel\iso885915.cpl
binary	\epoc32\release\winc\urel\iso88592.cpl
binary	\epoc32\release\winc\urel\iso88593.cpl
binary	\epoc32\release\winc\urel\iso88594.cpl
binary	\epoc32\release\winc\urel\iso88595.cpl
binary	\epoc32\release\winc\urel\iso88596.cpl
binary	\epoc32\release\winc\urel\iso88597.cpl
binary	\epoc32\release\winc\urel\iso88598.cpl
binary	\epoc32\release\winc\urel\iso88599.cpl
binary	\epoc32\release\winc\urel\iwzlib.dll
binary	\epoc32\release\winc\urel\iwzlib.lib
binary	\epoc32\release\winc\urel\jis.cpl
binary	\epoc32\release\winc\urel\jisbase_shared.dll
binary	\epoc32\release\winc\urel\jisx0201.dll
binary	\epoc32\release\winc\urel\jisx0208.dll
binary	\epoc32\release\winc\urel\jisx0212.dll
binary	\epoc32\release\winc\urel\linebreak.dll
binary	\epoc32\release\winc\urel\listcomportsbox.dll
binary	\epoc32\release\winc\urel\listcomportsbox.lib
binary	\epoc32\release\winc\urel\listcomportsbox.tlb
binary	\epoc32\release\winc\urel\mednand.pdd
binary	\epoc32\release\winc\urel\mroutersocket.dll
binary	\epoc32\release\winc\urel\mroutersocket.lib
binary	\epoc32\release\winc\urel\mroutersocket.tlb
binary	\epoc32\release\winc\urel\palette.dll
binary	\epoc32\release\winc\urel\pdrstr.dll
binary	\epoc32\release\winc\urel\plp.prt
binary	\epoc32\release\winc\urel\plpcli.dll
binary	\epoc32\release\winc\urel\plpconfig.dll
binary	\epoc32\release\winc\urel\plpexe.dll
binary	\epoc32\release\winc\urel\plplog.dll
binary	\epoc32\release\winc\urel\plpremlink.dll
binary	\epoc32\release\winc\urel\plprfs.rsy
binary	\epoc32\release\winc\urel\plpsvr.dll
binary	\epoc32\release\winc\urel\plpvariant.dll
binary	\epoc32\release\winc\urel\powermgrcli.dll
binary	\epoc32\release\winc\urel\print.dll
binary	\epoc32\release\winc\urel\rpcs.rsy
binary	\epoc32\release\winc\urel\rtsock.dll
binary	\epoc32\release\winc\urel\rtsock.lib
binary	\epoc32\release\winc\urel\rtsock.tlb
binary	\epoc32\release\winc\urel\scdv.dll
binary	\epoc32\release\winc\urel\scrfs.exe
binary	\epoc32\release\winc\urel\scrfs.tlb
binary	\epoc32\release\winc\urel\scrfsproxy.dll
binary	\epoc32\release\winc\urel\scrfsproxy.lib
binary	\epoc32\release\winc\urel\shiftjis.cpl
binary	\epoc32\release\winc\urel\shiftjis_shared.dll
binary	\epoc32\release\winc\urel\tagma.dll
binary	\epoc32\release\winc\urel\undo.dll
binary	\epoc32\release\winc\urel\vcal.dll
binary	\epoc32\release\winc\urel\vcard.dll
binary	\epoc32\release\winc\urel\versit.dll
binary	\epoc32\release\winc\urel\wldcomp.exe
binary	\epoc32\release\winc\urel\worldclient.dll
binary	\epoc32\release\winc\urel\worldserver.dll
binary	\epoc32\release\winc\urel\wpeng.dll
binary	\epoc32\release\winc\urel\ws32.dll
binary	\epoc32\release\winc\urel\xmllx.dll
binary	\epoc32\release\winc\urel\z\system\charconv\big5.rsc
binary	\epoc32\release\winc\urel\z\system\charconv\builtin.rsc
binary	\epoc32\release\winc\urel\z\system\charconv\eucjp_packed.rsc
binary	\epoc32\release\winc\urel\z\system\charconv\gb12345.rsc
binary	\epoc32\release\winc\urel\z\system\charconv\gb2312.rsc
binary	\epoc32\release\winc\urel\z\system\charconv\gbk.rsc
binary	\epoc32\release\winc\urel\z\system\charconv\hz.rsc
binary	\epoc32\release\winc\urel\z\system\charconv\iso2022jp.rsc
binary	\epoc32\release\winc\urel\z\system\charconv\iso2022jp1.rsc
binary	\epoc32\release\winc\urel\z\system\charconv\iso885910.rsc
binary	\epoc32\release\winc\urel\z\system\charconv\iso885913.rsc
binary	\epoc32\release\winc\urel\z\system\charconv\iso885914.rsc
binary	\epoc32\release\winc\urel\z\system\charconv\iso885915.rsc
binary	\epoc32\release\winc\urel\z\system\charconv\iso88592.rsc
binary	\epoc32\release\winc\urel\z\system\charconv\iso88593.rsc
binary	\epoc32\release\winc\urel\z\system\charconv\iso88594.rsc
binary	\epoc32\release\winc\urel\z\system\charconv\iso88595.rsc
binary	\epoc32\release\winc\urel\z\system\charconv\iso88596.rsc
binary	\epoc32\release\winc\urel\z\system\charconv\iso88597.rsc
binary	\epoc32\release\winc\urel\z\system\charconv\iso88598.rsc
binary	\epoc32\release\winc\urel\z\system\charconv\iso88599.rsc
binary	\epoc32\release\winc\urel\z\system\charconv\jis.rsc
binary	\epoc32\release\winc\urel\z\system\charconv\shiftjis.rsc
binary	\epoc32\release\winc\urel\z\system\printers\general.pdr
binary	\epoc32\release\winc\urel\z\system\printers\general.r01
binary	\epoc32\release\winc\urel\z\system\printers\general.r10
notes_source	\component_defs\release.src



ipr T 

