#
# Copyright (c) 2009 Nokia Corporation and/or its subsidiary(-ies).
# All rights reserved.
# This component and the accompanying materials are made available
# under the terms of "Eclipse Public License v1.0"
# which accompanies this distribution, and is available
# at the URL "http://www.eclipse.org/legal/epl-v10.html".
#
# Initial Contributors:
# Nokia Corporation - initial contribution.
#
# Contributors:
#
# Description: 
#

component	tools_build
#UmaA: Custkit build tools...

source	\sf\os\buildtools\bldsystemtools\buildsystemtools\
exports	\sf\os\buildtools\bldsystemtools\buildsystemtools\group

-export_file	\sf\os\buildtools\bldsystemtools\buildsystemtools\docs\scanlog.txt  \epoc32\EngDoc\tools\build\scanlog.txt
notes_source	\component_defs\release.src


ipr T 
ipr G \sf\os\buildtools\bldsystemtools\buildsystemtools\lib
ipr O \sf\os\buildtools\bldsystemtools\buildsystemtools\lib\date
ipr O \sf\os\buildtools\bldsystemtools\buildsystemtools\lib\freezethaw
ipr O \sf\os\buildtools\bldsystemtools\buildsystemtools\lib\parse
ipr O \sf\os\buildtools\bldsystemtools\buildsystemtools\lib\src
ipr O \sf\os\buildtools\bldsystemtools\buildsystemtools\lib\xml
ipr G \sf\os\buildtools\bldsystemtools\buildsystemtools\lib\xml\checker
ipr G \sf\os\buildtools\bldsystemtools\buildsystemtools\lib\xml\Handler
ipr G \sf\os\buildtools\bldsystemtools\buildsystemtools\lib\xml\Parser
ipr G \sf\os\buildtools\bldsystemtools\buildsystemtools\lib\xml\XQL
